<?xml version="1.0" encoding="UTF-8"?>
<coverage generated="1730365065265" clover="3.2.0">
  <project timestamp="1730365065265" name="All files">
    <metrics statements="140" coveredstatements="140" conditionals="60" coveredconditionals="59" methods="28" coveredmethods="28" elements="228" coveredelements="227" complexity="0" loc="140" ncloc="140" packages="1" files="6" classes="6"/>
    <file name="boardGenerator.js" path="/Users/joewinter/Developement/bowling-scorecard/src/boardGenerator.js">
      <metrics statements="26" coveredstatements="26" conditionals="10" coveredconditionals="10" methods="5" coveredmethods="5"/>
      <line num="1" count="2" type="stmt"/>
      <line num="5" count="19" type="stmt"/>
      <line num="9" count="49" type="stmt"/>
      <line num="10" count="49" type="stmt"/>
      <line num="11" count="49" type="stmt"/>
      <line num="12" count="49" type="stmt"/>
      <line num="24" count="49" type="stmt"/>
      <line num="25" count="49" type="stmt"/>
      <line num="26" count="490" type="cond" truecount="2" falsecount="0"/>
      <line num="27" count="49" type="cond" truecount="2" falsecount="0"/>
      <line num="28" count="8" type="stmt"/>
      <line num="30" count="41" type="stmt"/>
      <line num="32" count="441" type="cond" truecount="2" falsecount="0"/>
      <line num="33" count="238" type="stmt"/>
      <line num="35" count="203" type="stmt"/>
      <line num="38" count="49" type="stmt"/>
      <line num="41" count="5" type="cond" truecount="2" falsecount="0"/>
      <line num="42" count="2" type="stmt"/>
      <line num="44" count="3" type="stmt"/>
      <line num="45" count="3" type="stmt"/>
      <line num="46" count="3" type="stmt"/>
      <line num="47" count="3" type="stmt"/>
      <line num="52" count="49" type="cond" truecount="2" falsecount="0"/>
      <line num="53" count="42" type="stmt"/>
      <line num="55" count="7" type="stmt"/>
      <line num="60" count="2" type="stmt"/>
    </file>
    <file name="frame.js" path="/Users/joewinter/Developement/bowling-scorecard/src/frame.js">
      <metrics statements="7" coveredstatements="7" conditionals="4" coveredconditionals="4" methods="4" coveredmethods="4"/>
      <line num="3" count="126" type="stmt"/>
      <line num="4" count="126" type="stmt"/>
      <line num="5" count="126" type="stmt"/>
      <line num="9" count="459" type="cond" truecount="2" falsecount="0"/>
      <line num="13" count="705" type="stmt"/>
      <line num="17" count="536" type="stmt"/>
      <line num="21" count="3" type="stmt"/>
    </file>
    <file name="frameLineGenerator.js" path="/Users/joewinter/Developement/bowling-scorecard/src/frameLineGenerator.js">
      <metrics statements="25" coveredstatements="25" conditionals="18" coveredconditionals="18" methods="4" coveredmethods="4"/>
      <line num="3" count="55" type="stmt"/>
      <line num="6" count="45" type="stmt"/>
      <line num="7" count="450" type="cond" truecount="2" falsecount="0"/>
      <line num="8" count="45" type="cond" truecount="2" falsecount="0"/>
      <line num="9" count="10" type="stmt"/>
      <line num="11" count="35" type="stmt"/>
      <line num="13" count="405" type="cond" truecount="2" falsecount="0"/>
      <line num="14" count="253" type="stmt"/>
      <line num="16" count="152" type="stmt"/>
      <line num="19" count="45" type="stmt"/>
      <line num="23" count="10" type="cond" truecount="2" falsecount="0"/>
      <line num="24" count="2" type="stmt"/>
      <line num="26" count="10" type="cond" truecount="2" falsecount="0"/>
      <line num="27" count="3" type="cond" truecount="2" falsecount="0"/>
      <line num="28" count="2" type="stmt"/>
      <line num="30" count="1" type="stmt"/>
      <line num="32" count="7" type="cond" truecount="2" falsecount="0"/>
      <line num="33" count="2" type="stmt"/>
      <line num="35" count="5" type="stmt"/>
      <line num="40" count="253" type="cond" truecount="2" falsecount="0"/>
      <line num="41" count="78" type="stmt"/>
      <line num="42" count="175" type="cond" truecount="2" falsecount="0"/>
      <line num="43" count="11" type="stmt"/>
      <line num="45" count="164" type="stmt"/>
      <line num="50" count="3" type="stmt"/>
    </file>
    <file name="scoreCalculator.js" path="/Users/joewinter/Developement/bowling-scorecard/src/scoreCalculator.js">
      <metrics statements="9" coveredstatements="9" conditionals="17" coveredconditionals="17" methods="1" coveredmethods="1"/>
      <line num="3" count="87" type="stmt"/>
      <line num="4" count="87" type="stmt"/>
      <line num="5" count="651" type="cond" truecount="2" falsecount="0"/>
      <line num="6" count="315" type="stmt"/>
      <line num="12" count="336" type="cond" truecount="2" falsecount="0"/>
      <line num="13" count="30" type="stmt"/>
      <line num="19" count="306" type="cond" truecount="2" falsecount="0"/>
      <line num="22" count="87" type="stmt"/>
      <line num="27" count="3" type="stmt"/>
    </file>
    <file name="scorecard.js" path="/Users/joewinter/Developement/bowling-scorecard/src/scorecard.js">
      <metrics statements="14" coveredstatements="14" conditionals="2" coveredconditionals="2" methods="4" coveredmethods="4"/>
      <line num="1" count="2" type="stmt"/>
      <line num="2" count="2" type="stmt"/>
      <line num="3" count="2" type="stmt"/>
      <line num="6" count="14" type="stmt"/>
      <line num="7" count="14" type="stmt"/>
      <line num="11" count="50" type="stmt"/>
      <line num="15" count="35" type="stmt"/>
      <line num="19" count="39" type="stmt"/>
      <line num="20" count="39" type="cond" truecount="2" falsecount="0"/>
      <line num="21" count="1" type="stmt"/>
      <line num="23" count="38" type="stmt"/>
      <line num="24" count="38" type="stmt"/>
      <line num="25" count="38" type="stmt"/>
      <line num="30" count="2" type="stmt"/>
    </file>
    <file name="userInterface.js" path="/Users/joewinter/Developement/bowling-scorecard/src/userInterface.js">
      <metrics statements="59" coveredstatements="59" conditionals="9" coveredconditionals="8" methods="10" coveredmethods="10"/>
      <line num="1" count="1" type="stmt"/>
      <line num="5" count="6" type="stmt"/>
      <line num="6" count="6" type="stmt"/>
      <line num="7" count="6" type="stmt"/>
      <line num="8" count="6" type="stmt"/>
      <line num="13" count="6" type="stmt"/>
      <line num="14" count="27" type="stmt"/>
      <line num="15" count="27" type="stmt"/>
      <line num="16" count="27" type="cond" truecount="2" falsecount="0"/>
      <line num="17" count="1" type="stmt"/>
      <line num="19" count="26" type="stmt"/>
      <line num="23" count="6" type="stmt"/>
      <line num="24" count="6" type="cond" truecount="2" falsecount="0"/>
      <line num="26" count="1" type="stmt"/>
      <line num="28" count="5" type="stmt"/>
      <line num="29" count="5" type="cond" truecount="2" falsecount="0"/>
      <line num="31" count="1" type="stmt"/>
      <line num="34" count="4" type="stmt"/>
      <line num="35" count="4" type="stmt"/>
      <line num="38" count="6" type="stmt"/>
      <line num="42" count="33" type="stmt"/>
      <line num="43" count="33" type="stmt"/>
      <line num="44" count="33" type="stmt"/>
      <line num="45" count="33" type="stmt"/>
      <line num="46" count="33" type="stmt"/>
      <line num="47" count="33" type="stmt"/>
      <line num="51" count="31" type="stmt"/>
      <line num="52" count="31" type="stmt"/>
      <line num="53" count="31" type="stmt"/>
      <line num="57" count="1" type="stmt"/>
      <line num="58" count="1" type="stmt"/>
      <line num="59" count="1" type="stmt"/>
      <line num="63" count="26" type="stmt"/>
      <line num="64" count="26" type="stmt"/>
      <line num="65" count="26" type="stmt"/>
      <line num="66" count="26" type="stmt"/>
      <line num="70" count="1" type="stmt"/>
      <line num="71" count="1" type="stmt"/>
      <line num="72" count="1" type="stmt"/>
      <line num="73" count="1" type="stmt"/>
      <line num="74" count="1" type="stmt"/>
      <line num="75" count="1" type="stmt"/>
      <line num="79" count="1" type="stmt"/>
      <line num="80" count="1" type="stmt"/>
      <line num="81" count="1" type="stmt"/>
      <line num="82" count="1" type="stmt"/>
      <line num="86" count="6" type="stmt"/>
      <line num="87" count="6" type="stmt"/>
      <line num="88" count="6" type="stmt"/>
      <line num="89" count="6" type="stmt"/>
      <line num="90" count="6" type="stmt"/>
      <line num="94" count="67" type="stmt"/>
      <line num="96" count="67" type="stmt"/>
      <line num="97" count="69" type="stmt"/>
      <line num="98" count="69" type="cond" truecount="2" falsecount="0"/>
      <line num="99" count="67" type="stmt"/>
      <line num="101" count="2" type="stmt"/>
      <line num="103" count="67" type="stmt"/>
      <line num="107" count="1" type="stmt"/>
    </file>
  </project>
</coverage>
