{"/Users/joewinter/Developement/bowling-scorecard/src/boardGenerator.js": {"path":"/Users/joewinter/Developement/bowling-scorecard/src/boardGenerator.js","statementMap":{"0":{"start":{"line":1,"column":27},"end":{"line":1,"column":58}},"1":{"start":{"line":5,"column":4},"end":{"line":5,"column":29}},"2":{"start":{"line":9,"column":31},"end":{"line":9,"column":55}},"3":{"start":{"line":10,"column":14},"end":{"line":10,"column":49}},"4":{"start":{"line":11,"column":14},"end":{"line":11,"column":38}},"5":{"start":{"line":12,"column":4},"end":{"line":20,"column":17}},"6":{"start":{"line":24,"column":14},"end":{"line":24,"column":16}},"7":{"start":{"line":25,"column":4},"end":{"line":37,"column":5}},"8":{"start":{"line":25,"column":17},"end":{"line":25,"column":18}},"9":{"start":{"line":26,"column":6},"end":{"line":36,"column":7}},"10":{"start":{"line":27,"column":8},"end":{"line":31,"column":9}},"11":{"start":{"line":28,"column":10},"end":{"line":28,"column":63}},"12":{"start":{"line":30,"column":10},"end":{"line":30,"column":27}},"13":{"start":{"line":32,"column":13},"end":{"line":36,"column":7}},"14":{"start":{"line":33,"column":8},"end":{"line":33,"column":59}},"15":{"start":{"line":35,"column":8},"end":{"line":35,"column":23}},"16":{"start":{"line":38,"column":4},"end":{"line":38,"column":13}},"17":{"start":{"line":41,"column":4},"end":{"line":48,"column":5}},"18":{"start":{"line":42,"column":6},"end":{"line":42,"column":47}},"19":{"start":{"line":44,"column":20},"end":{"line":44,"column":36}},"20":{"start":{"line":45,"column":20},"end":{"line":45,"column":41}},"21":{"start":{"line":46,"column":21},"end":{"line":46,"column":34}},"22":{"start":{"line":47,"column":6},"end":{"line":47,"column":64}},"23":{"start":{"line":52,"column":4},"end":{"line":56,"column":5}},"24":{"start":{"line":53,"column":6},"end":{"line":53,"column":52}},"25":{"start":{"line":55,"column":6},"end":{"line":55,"column":21}},"26":{"start":{"line":60,"column":0},"end":{"line":60,"column":32}}},"fnMap":{"0":{"name":"(anonymous_0)","decl":{"start":{"line":4,"column":2},"end":{"line":4,"column":3}},"loc":{"start":{"line":4,"column":16},"end":{"line":6,"column":3}},"line":4},"1":{"name":"(anonymous_1)","decl":{"start":{"line":8,"column":2},"end":{"line":8,"column":3}},"loc":{"start":{"line":8,"column":31},"end":{"line":21,"column":3}},"line":8},"2":{"name":"(anonymous_2)","decl":{"start":{"line":23,"column":2},"end":{"line":23,"column":3}},"loc":{"start":{"line":23,"column":22},"end":{"line":39,"column":3}},"line":23},"3":{"name":"(anonymous_3)","decl":{"start":{"line":40,"column":2},"end":{"line":40,"column":3}},"loc":{"start":{"line":40,"column":17},"end":{"line":49,"column":3}},"line":40},"4":{"name":"(anonymous_4)","decl":{"start":{"line":51,"column":2},"end":{"line":51,"column":3}},"loc":{"start":{"line":51,"column":19},"end":{"line":57,"column":3}},"line":51}},"branchMap":{"0":{"loc":{"start":{"line":26,"column":6},"end":{"line":36,"column":7}},"type":"if","locations":[{"start":{"line":26,"column":6},"end":{"line":36,"column":7}},{"start":{"line":32,"column":13},"end":{"line":36,"column":7}}],"line":26},"1":{"loc":{"start":{"line":27,"column":8},"end":{"line":31,"column":9}},"type":"if","locations":[{"start":{"line":27,"column":8},"end":{"line":31,"column":9}},{"start":{"line":29,"column":15},"end":{"line":31,"column":9}}],"line":27},"2":{"loc":{"start":{"line":32,"column":13},"end":{"line":36,"column":7}},"type":"if","locations":[{"start":{"line":32,"column":13},"end":{"line":36,"column":7}},{"start":{"line":34,"column":13},"end":{"line":36,"column":7}}],"line":32},"3":{"loc":{"start":{"line":41,"column":4},"end":{"line":48,"column":5}},"type":"if","locations":[{"start":{"line":41,"column":4},"end":{"line":48,"column":5}},{"start":{"line":43,"column":11},"end":{"line":48,"column":5}}],"line":41},"4":{"loc":{"start":{"line":52,"column":4},"end":{"line":56,"column":5}},"type":"if","locations":[{"start":{"line":52,"column":4},"end":{"line":56,"column":5}},{"start":{"line":54,"column":11},"end":{"line":56,"column":5}}],"line":52}},"s":{"0":2,"1":19,"2":49,"3":49,"4":49,"5":49,"6":49,"7":49,"8":49,"9":490,"10":49,"11":8,"12":41,"13":441,"14":238,"15":203,"16":49,"17":5,"18":2,"19":3,"20":3,"21":3,"22":3,"23":49,"24":42,"25":7,"26":2},"f":{"0":19,"1":49,"2":49,"3":5,"4":49},"b":{"0":[49,441],"1":[8,41],"2":[238,203],"3":[2,3],"4":[42,7]},"_coverageSchema":"1a1c01bbd47fc00a2c39e90264f33305004495a9","hash":"956b25696c696864d621390817efdaeeec963e03"}
,"/Users/joewinter/Developement/bowling-scorecard/src/frame.js": {"path":"/Users/joewinter/Developement/bowling-scorecard/src/frame.js","statementMap":{"0":{"start":{"line":3,"column":4},"end":{"line":3,"column":24}},"1":{"start":{"line":4,"column":4},"end":{"line":4,"column":24}},"2":{"start":{"line":5,"column":4},"end":{"line":5,"column":24}},"3":{"start":{"line":9,"column":4},"end":{"line":9,"column":64}},"4":{"start":{"line":13,"column":4},"end":{"line":13,"column":30}},"5":{"start":{"line":17,"column":4},"end":{"line":17,"column":50}},"6":{"start":{"line":21,"column":0},"end":{"line":21,"column":22}}},"fnMap":{"0":{"name":"(anonymous_0)","decl":{"start":{"line":2,"column":2},"end":{"line":2,"column":3}},"loc":{"start":{"line":2,"column":42},"end":{"line":6,"column":3}},"line":2},"1":{"name":"(anonymous_1)","decl":{"start":{"line":8,"column":2},"end":{"line":8,"column":3}},"loc":{"start":{"line":8,"column":12},"end":{"line":10,"column":3}},"line":8},"2":{"name":"(anonymous_2)","decl":{"start":{"line":12,"column":2},"end":{"line":12,"column":3}},"loc":{"start":{"line":12,"column":13},"end":{"line":14,"column":3}},"line":12},"3":{"name":"(anonymous_3)","decl":{"start":{"line":16,"column":2},"end":{"line":16,"column":3}},"loc":{"start":{"line":16,"column":10},"end":{"line":18,"column":3}},"line":16}},"branchMap":{"0":{"loc":{"start":{"line":2,"column":22},"end":{"line":2,"column":30}},"type":"default-arg","locations":[{"start":{"line":2,"column":29},"end":{"line":2,"column":30}}],"line":2},"1":{"loc":{"start":{"line":2,"column":32},"end":{"line":2,"column":40}},"type":"default-arg","locations":[{"start":{"line":2,"column":39},"end":{"line":2,"column":40}}],"line":2},"2":{"loc":{"start":{"line":9,"column":11},"end":{"line":9,"column":63}},"type":"binary-expr","locations":[{"start":{"line":9,"column":11},"end":{"line":9,"column":43}},{"start":{"line":9,"column":47},"end":{"line":9,"column":63}}],"line":9}},"s":{"0":126,"1":126,"2":126,"3":459,"4":705,"5":536,"6":3},"f":{"0":126,"1":459,"2":705,"3":536},"b":{"0":[42],"1":[83],"2":[459,15]},"_coverageSchema":"1a1c01bbd47fc00a2c39e90264f33305004495a9","hash":"7722cdb19c961a8595af1d2cd25a1a950b72b0d5"}
,"/Users/joewinter/Developement/bowling-scorecard/src/frameLineGenerator.js": {"path":"/Users/joewinter/Developement/bowling-scorecard/src/frameLineGenerator.js","statementMap":{"0":{"start":{"line":3,"column":4},"end":{"line":3,"column":25}},"1":{"start":{"line":6,"column":4},"end":{"line":18,"column":5}},"2":{"start":{"line":6,"column":17},"end":{"line":6,"column":18}},"3":{"start":{"line":7,"column":6},"end":{"line":17,"column":7}},"4":{"start":{"line":8,"column":8},"end":{"line":12,"column":9}},"5":{"start":{"line":9,"column":10},"end":{"line":9,"column":37}},"6":{"start":{"line":11,"column":10},"end":{"line":11,"column":46}},"7":{"start":{"line":13,"column":13},"end":{"line":17,"column":7}},"8":{"start":{"line":14,"column":8},"end":{"line":14,"column":37}},"9":{"start":{"line":16,"column":8},"end":{"line":16,"column":39}},"10":{"start":{"line":19,"column":4},"end":{"line":19,"column":27}},"11":{"start":{"line":23,"column":4},"end":{"line":25,"column":5}},"12":{"start":{"line":24,"column":6},"end":{"line":24,"column":25}},"13":{"start":{"line":26,"column":4},"end":{"line":36,"column":5}},"14":{"start":{"line":27,"column":6},"end":{"line":31,"column":7}},"15":{"start":{"line":28,"column":8},"end":{"line":28,"column":53}},"16":{"start":{"line":30,"column":8},"end":{"line":30,"column":62}},"17":{"start":{"line":32,"column":11},"end":{"line":36,"column":5}},"18":{"start":{"line":33,"column":6},"end":{"line":33,"column":60}},"19":{"start":{"line":35,"column":6},"end":{"line":35,"column":60}},"20":{"start":{"line":40,"column":4},"end":{"line":46,"column":5}},"21":{"start":{"line":41,"column":6},"end":{"line":41,"column":37}},"22":{"start":{"line":42,"column":11},"end":{"line":46,"column":5}},"23":{"start":{"line":43,"column":6},"end":{"line":43,"column":46}},"24":{"start":{"line":45,"column":6},"end":{"line":45,"column":55}},"25":{"start":{"line":50,"column":0},"end":{"line":50,"column":36}}},"fnMap":{"0":{"name":"(anonymous_0)","decl":{"start":{"line":2,"column":2},"end":{"line":2,"column":3}},"loc":{"start":{"line":2,"column":16},"end":{"line":4,"column":3}},"line":2},"1":{"name":"(anonymous_1)","decl":{"start":{"line":5,"column":2},"end":{"line":5,"column":3}},"loc":{"start":{"line":5,"column":19},"end":{"line":20,"column":3}},"line":5},"2":{"name":"(anonymous_2)","decl":{"start":{"line":22,"column":2},"end":{"line":22,"column":3}},"loc":{"start":{"line":22,"column":20},"end":{"line":37,"column":3}},"line":22},"3":{"name":"(anonymous_3)","decl":{"start":{"line":39,"column":2},"end":{"line":39,"column":3}},"loc":{"start":{"line":39,"column":22},"end":{"line":47,"column":3}},"line":39}},"branchMap":{"0":{"loc":{"start":{"line":7,"column":6},"end":{"line":17,"column":7}},"type":"if","locations":[{"start":{"line":7,"column":6},"end":{"line":17,"column":7}},{"start":{"line":13,"column":13},"end":{"line":17,"column":7}}],"line":7},"1":{"loc":{"start":{"line":8,"column":8},"end":{"line":12,"column":9}},"type":"if","locations":[{"start":{"line":8,"column":8},"end":{"line":12,"column":9}},{"start":{"line":10,"column":15},"end":{"line":12,"column":9}}],"line":8},"2":{"loc":{"start":{"line":13,"column":13},"end":{"line":17,"column":7}},"type":"if","locations":[{"start":{"line":13,"column":13},"end":{"line":17,"column":7}},{"start":{"line":15,"column":13},"end":{"line":17,"column":7}}],"line":13},"3":{"loc":{"start":{"line":23,"column":4},"end":{"line":25,"column":5}},"type":"if","locations":[{"start":{"line":23,"column":4},"end":{"line":25,"column":5}},{"start":{},"end":{}}],"line":23},"4":{"loc":{"start":{"line":26,"column":4},"end":{"line":36,"column":5}},"type":"if","locations":[{"start":{"line":26,"column":4},"end":{"line":36,"column":5}},{"start":{"line":32,"column":11},"end":{"line":36,"column":5}}],"line":26},"5":{"loc":{"start":{"line":27,"column":6},"end":{"line":31,"column":7}},"type":"if","locations":[{"start":{"line":27,"column":6},"end":{"line":31,"column":7}},{"start":{"line":29,"column":13},"end":{"line":31,"column":7}}],"line":27},"6":{"loc":{"start":{"line":32,"column":11},"end":{"line":36,"column":5}},"type":"if","locations":[{"start":{"line":32,"column":11},"end":{"line":36,"column":5}},{"start":{"line":34,"column":11},"end":{"line":36,"column":5}}],"line":32},"7":{"loc":{"start":{"line":40,"column":4},"end":{"line":46,"column":5}},"type":"if","locations":[{"start":{"line":40,"column":4},"end":{"line":46,"column":5}},{"start":{"line":42,"column":11},"end":{"line":46,"column":5}}],"line":40},"8":{"loc":{"start":{"line":42,"column":11},"end":{"line":46,"column":5}},"type":"if","locations":[{"start":{"line":42,"column":11},"end":{"line":46,"column":5}},{"start":{"line":44,"column":11},"end":{"line":46,"column":5}}],"line":42}},"s":{"0":55,"1":45,"2":45,"3":450,"4":45,"5":10,"6":35,"7":405,"8":253,"9":152,"10":45,"11":10,"12":2,"13":10,"14":3,"15":2,"16":1,"17":7,"18":2,"19":5,"20":253,"21":78,"22":175,"23":11,"24":164,"25":3},"f":{"0":55,"1":45,"2":10,"3":253},"b":{"0":[45,405],"1":[10,35],"2":[253,152],"3":[2,8],"4":[3,7],"5":[2,1],"6":[2,5],"7":[78,175],"8":[11,164]},"_coverageSchema":"1a1c01bbd47fc00a2c39e90264f33305004495a9","hash":"3d4b05793502efb11a9ec6d0f259f31dae4d9460"}
,"/Users/joewinter/Developement/bowling-scorecard/src/scoreCalculator.js": {"path":"/Users/joewinter/Developement/bowling-scorecard/src/scoreCalculator.js","statementMap":{"0":{"start":{"line":3,"column":18},"end":{"line":3,"column":20}},"1":{"start":{"line":4,"column":4},"end":{"line":21,"column":5}},"2":{"start":{"line":4,"column":17},"end":{"line":4,"column":18}},"3":{"start":{"line":5,"column":6},"end":{"line":20,"column":7}},"4":{"start":{"line":6,"column":8},"end":{"line":11,"column":10}},"5":{"start":{"line":12,"column":13},"end":{"line":20,"column":7}},"6":{"start":{"line":13,"column":8},"end":{"line":17,"column":10}},"7":{"start":{"line":19,"column":8},"end":{"line":19,"column":62}},"8":{"start":{"line":22,"column":4},"end":{"line":22,"column":17}},"9":{"start":{"line":27,"column":0},"end":{"line":27,"column":33}}},"fnMap":{"0":{"name":"(anonymous_0)","decl":{"start":{"line":2,"column":2},"end":{"line":2,"column":3}},"loc":{"start":{"line":2,"column":25},"end":{"line":23,"column":3}},"line":2}},"branchMap":{"0":{"loc":{"start":{"line":5,"column":6},"end":{"line":20,"column":7}},"type":"if","locations":[{"start":{"line":5,"column":6},"end":{"line":20,"column":7}},{"start":{"line":12,"column":13},"end":{"line":20,"column":7}}],"line":5},"1":{"loc":{"start":{"line":8,"column":13},"end":{"line":8,"column":39}},"type":"binary-expr","locations":[{"start":{"line":8,"column":13},"end":{"line":8,"column":34}},{"start":{"line":8,"column":38},"end":{"line":8,"column":39}}],"line":8},"2":{"loc":{"start":{"line":9,"column":13},"end":{"line":9,"column":64}},"type":"binary-expr","locations":[{"start":{"line":9,"column":13},"end":{"line":9,"column":34}},{"start":{"line":9,"column":38},"end":{"line":9,"column":59}},{"start":{"line":9,"column":63},"end":{"line":9,"column":64}}],"line":9},"3":{"loc":{"start":{"line":10,"column":13},"end":{"line":10,"column":32}},"type":"binary-expr","locations":[{"start":{"line":10,"column":13},"end":{"line":10,"column":27}},{"start":{"line":10,"column":31},"end":{"line":10,"column":32}}],"line":10},"4":{"loc":{"start":{"line":12,"column":13},"end":{"line":20,"column":7}},"type":"if","locations":[{"start":{"line":12,"column":13},"end":{"line":20,"column":7}},{"start":{"line":18,"column":13},"end":{"line":20,"column":7}}],"line":12},"5":{"loc":{"start":{"line":15,"column":13},"end":{"line":15,"column":39}},"type":"binary-expr","locations":[{"start":{"line":15,"column":13},"end":{"line":15,"column":34}},{"start":{"line":15,"column":38},"end":{"line":15,"column":39}}],"line":15},"6":{"loc":{"start":{"line":16,"column":13},"end":{"line":16,"column":32}},"type":"binary-expr","locations":[{"start":{"line":16,"column":13},"end":{"line":16,"column":27}},{"start":{"line":16,"column":31},"end":{"line":16,"column":32}}],"line":16},"7":{"loc":{"start":{"line":19,"column":40},"end":{"line":19,"column":59}},"type":"binary-expr","locations":[{"start":{"line":19,"column":40},"end":{"line":19,"column":54}},{"start":{"line":19,"column":58},"end":{"line":19,"column":59}}],"line":19}},"s":{"0":87,"1":87,"2":87,"3":651,"4":315,"5":336,"6":30,"7":306,"8":87,"9":3},"f":{"0":87},"b":{"0":[315,336],"1":[315,61],"2":[315,269,61],"3":[315,36],"4":[30,306],"5":[30,4],"6":[30,7],"7":[306,45]},"_coverageSchema":"1a1c01bbd47fc00a2c39e90264f33305004495a9","hash":"9c5f03a623f73b92d0bc5243f1c26d441d545094"}
,"/Users/joewinter/Developement/bowling-scorecard/src/scorecard.js": {"path":"/Users/joewinter/Developement/bowling-scorecard/src/scorecard.js","statementMap":{"0":{"start":{"line":1,"column":24},"end":{"line":1,"column":52}},"1":{"start":{"line":2,"column":14},"end":{"line":2,"column":32}},"2":{"start":{"line":3,"column":24},"end":{"line":3,"column":45}},"3":{"start":{"line":6,"column":4},"end":{"line":6,"column":20}},"4":{"start":{"line":7,"column":4},"end":{"line":7,"column":20}},"5":{"start":{"line":11,"column":4},"end":{"line":11,"column":27}},"6":{"start":{"line":15,"column":4},"end":{"line":15,"column":60}},"7":{"start":{"line":19,"column":28},"end":{"line":19,"column":51}},"8":{"start":{"line":20,"column":4},"end":{"line":22,"column":5}},"9":{"start":{"line":21,"column":6},"end":{"line":21,"column":69}},"10":{"start":{"line":23,"column":22},"end":{"line":23,"column":86}},"11":{"start":{"line":24,"column":4},"end":{"line":24,"column":39}},"12":{"start":{"line":25,"column":4},"end":{"line":25,"column":65}},"13":{"start":{"line":30,"column":0},"end":{"line":30,"column":27}}},"fnMap":{"0":{"name":"(anonymous_0)","decl":{"start":{"line":5,"column":2},"end":{"line":5,"column":3}},"loc":{"start":{"line":5,"column":16},"end":{"line":8,"column":3}},"line":5},"1":{"name":"(anonymous_1)","decl":{"start":{"line":10,"column":2},"end":{"line":10,"column":3}},"loc":{"start":{"line":10,"column":18},"end":{"line":12,"column":3}},"line":10},"2":{"name":"(anonymous_2)","decl":{"start":{"line":14,"column":2},"end":{"line":14,"column":3}},"loc":{"start":{"line":14,"column":19},"end":{"line":16,"column":3}},"line":14},"3":{"name":"(anonymous_3)","decl":{"start":{"line":18,"column":2},"end":{"line":18,"column":3}},"loc":{"start":{"line":18,"column":22},"end":{"line":26,"column":3}},"line":18}},"branchMap":{"0":{"loc":{"start":{"line":20,"column":4},"end":{"line":22,"column":5}},"type":"if","locations":[{"start":{"line":20,"column":4},"end":{"line":22,"column":5}},{"start":{},"end":{}}],"line":20}},"s":{"0":2,"1":2,"2":2,"3":14,"4":14,"5":50,"6":35,"7":39,"8":39,"9":1,"10":38,"11":38,"12":38,"13":2},"f":{"0":14,"1":50,"2":35,"3":39},"b":{"0":[1,38]},"_coverageSchema":"1a1c01bbd47fc00a2c39e90264f33305004495a9","hash":"ac4bcd4e5deb22eaa068b21dbc636a6394791a1c"}
,"/Users/joewinter/Developement/bowling-scorecard/src/userInterface.js": {"path":"/Users/joewinter/Developement/bowling-scorecard/src/userInterface.js","statementMap":{"0":{"start":{"line":1,"column":14},"end":{"line":1,"column":32}},"1":{"start":{"line":5,"column":4},"end":{"line":5,"column":30}},"2":{"start":{"line":6,"column":4},"end":{"line":6,"column":30}},"3":{"start":{"line":7,"column":4},"end":{"line":7,"column":40}},"4":{"start":{"line":8,"column":4},"end":{"line":8,"column":49}},"5":{"start":{"line":13,"column":4},"end":{"line":21,"column":5}},"6":{"start":{"line":14,"column":14},"end":{"line":14,"column":41}},"7":{"start":{"line":15,"column":19},"end":{"line":15,"column":52}},"8":{"start":{"line":16,"column":6},"end":{"line":20,"column":7}},"9":{"start":{"line":17,"column":8},"end":{"line":17,"column":42}},"10":{"start":{"line":19,"column":8},"end":{"line":19,"column":55}},"11":{"start":{"line":23,"column":17},"end":{"line":23,"column":50}},"12":{"start":{"line":24,"column":4},"end":{"line":37,"column":5}},"13":{"start":{"line":26,"column":6},"end":{"line":26,"column":50}},"14":{"start":{"line":28,"column":19},"end":{"line":28,"column":61}},"15":{"start":{"line":29,"column":6},"end":{"line":36,"column":7}},"16":{"start":{"line":31,"column":8},"end":{"line":31,"column":59}},"17":{"start":{"line":34,"column":20},"end":{"line":34,"column":61}},"18":{"start":{"line":35,"column":8},"end":{"line":35,"column":39}},"19":{"start":{"line":38,"column":4},"end":{"line":38,"column":25}},"20":{"start":{"line":42,"column":4},"end":{"line":42,"column":19}},"21":{"start":{"line":43,"column":4},"end":{"line":43,"column":35}},"22":{"start":{"line":44,"column":16},"end":{"line":44,"column":50}},"23":{"start":{"line":45,"column":4},"end":{"line":45,"column":96}},"24":{"start":{"line":46,"column":4},"end":{"line":46,"column":75}},"25":{"start":{"line":47,"column":4},"end":{"line":47,"column":74}},"26":{"start":{"line":51,"column":32},"end":{"line":51,"column":77}},"27":{"start":{"line":52,"column":4},"end":{"line":52,"column":75}},"28":{"start":{"line":53,"column":4},"end":{"line":53,"column":75}},"29":{"start":{"line":57,"column":16},"end":{"line":57,"column":41}},"30":{"start":{"line":58,"column":4},"end":{"line":58,"column":35}},"31":{"start":{"line":59,"column":4},"end":{"line":59,"column":36}},"32":{"start":{"line":63,"column":17},"end":{"line":63,"column":59}},"33":{"start":{"line":64,"column":16},"end":{"line":64,"column":57}},"34":{"start":{"line":65,"column":4},"end":{"line":65,"column":35}},"35":{"start":{"line":66,"column":4},"end":{"line":66,"column":36}},"36":{"start":{"line":70,"column":4},"end":{"line":70,"column":69}},"37":{"start":{"line":71,"column":17},"end":{"line":71,"column":80}},"38":{"start":{"line":72,"column":4},"end":{"line":72,"column":69}},"39":{"start":{"line":73,"column":17},"end":{"line":73,"column":79}},"40":{"start":{"line":74,"column":16},"end":{"line":74,"column":73}},"41":{"start":{"line":75,"column":4},"end":{"line":75,"column":35}},"42":{"start":{"line":79,"column":4},"end":{"line":79,"column":69}},"43":{"start":{"line":80,"column":17},"end":{"line":80,"column":79}},"44":{"start":{"line":81,"column":16},"end":{"line":81,"column":73}},"45":{"start":{"line":82,"column":4},"end":{"line":82,"column":35}},"46":{"start":{"line":86,"column":4},"end":{"line":86,"column":19}},"47":{"start":{"line":87,"column":4},"end":{"line":87,"column":36}},"48":{"start":{"line":88,"column":16},"end":{"line":88,"column":39}},"49":{"start":{"line":89,"column":4},"end":{"line":89,"column":32}},"50":{"start":{"line":90,"column":4},"end":{"line":90,"column":96}},"51":{"start":{"line":94,"column":23},"end":{"line":94,"column":39}},"52":{"start":{"line":96,"column":4},"end":{"line":102,"column":5}},"53":{"start":{"line":97,"column":6},"end":{"line":97,"column":47}},"54":{"start":{"line":98,"column":6},"end":{"line":100,"column":7}},"55":{"start":{"line":99,"column":8},"end":{"line":99,"column":14}},"56":{"start":{"line":101,"column":6},"end":{"line":101,"column":47}},"57":{"start":{"line":103,"column":4},"end":{"line":103,"column":17}},"58":{"start":{"line":107,"column":0},"end":{"line":107,"column":31}}},"fnMap":{"0":{"name":"(anonymous_0)","decl":{"start":{"line":4,"column":2},"end":{"line":4,"column":3}},"loc":{"start":{"line":4,"column":63},"end":{"line":9,"column":3}},"line":4},"1":{"name":"(anonymous_1)","decl":{"start":{"line":11,"column":2},"end":{"line":11,"column":3}},"loc":{"start":{"line":11,"column":14},"end":{"line":39,"column":3}},"line":11},"2":{"name":"(anonymous_2)","decl":{"start":{"line":41,"column":2},"end":{"line":41,"column":3}},"loc":{"start":{"line":41,"column":31},"end":{"line":48,"column":3}},"line":41},"3":{"name":"(anonymous_3)","decl":{"start":{"line":50,"column":2},"end":{"line":50,"column":3}},"loc":{"start":{"line":50,"column":40},"end":{"line":54,"column":3}},"line":50},"4":{"name":"(anonymous_4)","decl":{"start":{"line":56,"column":2},"end":{"line":56,"column":3}},"loc":{"start":{"line":56,"column":32},"end":{"line":60,"column":3}},"line":56},"5":{"name":"(anonymous_5)","decl":{"start":{"line":62,"column":2},"end":{"line":62,"column":3}},"loc":{"start":{"line":62,"column":45},"end":{"line":67,"column":3}},"line":62},"6":{"name":"(anonymous_6)","decl":{"start":{"line":69,"column":2},"end":{"line":69,"column":3}},"loc":{"start":{"line":69,"column":42},"end":{"line":76,"column":3}},"line":69},"7":{"name":"(anonymous_7)","decl":{"start":{"line":78,"column":2},"end":{"line":78,"column":3}},"loc":{"start":{"line":78,"column":49},"end":{"line":83,"column":3}},"line":78},"8":{"name":"(anonymous_8)","decl":{"start":{"line":85,"column":2},"end":{"line":85,"column":3}},"loc":{"start":{"line":85,"column":25},"end":{"line":91,"column":3}},"line":85},"9":{"name":"(anonymous_9)","decl":{"start":{"line":93,"column":2},"end":{"line":93,"column":3}},"loc":{"start":{"line":93,"column":37},"end":{"line":104,"column":5}},"line":93}},"branchMap":{"0":{"loc":{"start":{"line":4,"column":14},"end":{"line":4,"column":34}},"type":"default-arg","locations":[{"start":{"line":4,"column":21},"end":{"line":4,"column":34}}],"line":4},"1":{"loc":{"start":{"line":16,"column":6},"end":{"line":20,"column":7}},"type":"if","locations":[{"start":{"line":16,"column":6},"end":{"line":20,"column":7}},{"start":{"line":18,"column":13},"end":{"line":20,"column":7}}],"line":16},"2":{"loc":{"start":{"line":24,"column":4},"end":{"line":37,"column":5}},"type":"if","locations":[{"start":{"line":24,"column":4},"end":{"line":37,"column":5}},{"start":{"line":27,"column":11},"end":{"line":37,"column":5}}],"line":24},"3":{"loc":{"start":{"line":29,"column":6},"end":{"line":36,"column":7}},"type":"if","locations":[{"start":{"line":29,"column":6},"end":{"line":36,"column":7}},{"start":{"line":32,"column":13},"end":{"line":36,"column":7}}],"line":29},"4":{"loc":{"start":{"line":98,"column":6},"end":{"line":100,"column":7}},"type":"if","locations":[{"start":{"line":98,"column":6},"end":{"line":100,"column":7}},{"start":{},"end":{}}],"line":98}},"s":{"0":1,"1":6,"2":6,"3":6,"4":6,"5":6,"6":27,"7":27,"8":27,"9":1,"10":26,"11":6,"12":6,"13":1,"14":5,"15":5,"16":1,"17":4,"18":4,"19":6,"20":33,"21":33,"22":33,"23":33,"24":33,"25":33,"26":31,"27":31,"28":31,"29":1,"30":1,"31":1,"32":26,"33":26,"34":26,"35":26,"36":1,"37":1,"38":1,"39":1,"40":1,"41":1,"42":1,"43":1,"44":1,"45":1,"46":6,"47":6,"48":6,"49":6,"50":6,"51":67,"52":67,"53":69,"54":69,"55":67,"56":2,"57":67,"58":1},"f":{"0":6,"1":6,"2":33,"3":31,"4":1,"5":26,"6":1,"7":1,"8":6,"9":67},"b":{"0":[0],"1":[1,26],"2":[1,5],"3":[1,4],"4":[67,2]},"_coverageSchema":"1a1c01bbd47fc00a2c39e90264f33305004495a9","hash":"7e5ed4fd8d4b3fc7ba117c80091f2d7087abdbf5"}
}
