TN:
SF:src/boardGenerator.js
FN:4,(anonymous_0)
FN:8,(anonymous_1)
FN:23,(anonymous_2)
FN:40,(anonymous_3)
FN:51,(anonymous_4)
FNF:5
FNH:5
FNDA:19,(anonymous_0)
FNDA:49,(anonymous_1)
FNDA:49,(anonymous_2)
FNDA:5,(anonymous_3)
FNDA:49,(anonymous_4)
DA:1,2
DA:5,19
DA:9,49
DA:10,49
DA:11,49
DA:12,49
DA:24,49
DA:25,49
DA:26,490
DA:27,49
DA:28,8
DA:30,41
DA:32,441
DA:33,238
DA:35,203
DA:38,49
DA:41,5
DA:42,2
DA:44,3
DA:45,3
DA:46,3
DA:47,3
DA:52,49
DA:53,42
DA:55,7
DA:60,2
LF:26
LH:26
BRDA:26,0,0,49
BRDA:26,0,1,441
BRDA:27,1,0,8
BRDA:27,1,1,41
BRDA:32,2,0,238
BRDA:32,2,1,203
BRDA:41,3,0,2
BRDA:41,3,1,3
BRDA:52,4,0,42
BRDA:52,4,1,7
BRF:10
BRH:10
end_of_record
TN:
SF:src/frame.js
FN:2,(anonymous_0)
FN:8,(anonymous_1)
FN:12,(anonymous_2)
FN:16,(anonymous_3)
FNF:4
FNH:4
FNDA:126,(anonymous_0)
FNDA:459,(anonymous_1)
FNDA:705,(anonymous_2)
FNDA:536,(anonymous_3)
DA:3,126
DA:4,126
DA:5,126
DA:9,459
DA:13,705
DA:17,536
DA:21,3
LF:7
LH:7
BRDA:2,0,0,42
BRDA:2,1,0,83
BRDA:9,2,0,459
BRDA:9,2,1,15
BRF:4
BRH:4
end_of_record
TN:
SF:src/frameLineGenerator.js
FN:2,(anonymous_0)
FN:5,(anonymous_1)
FN:22,(anonymous_2)
FN:39,(anonymous_3)
FNF:4
FNH:4
FNDA:55,(anonymous_0)
FNDA:45,(anonymous_1)
FNDA:10,(anonymous_2)
FNDA:253,(anonymous_3)
DA:3,55
DA:6,45
DA:7,450
DA:8,45
DA:9,10
DA:11,35
DA:13,405
DA:14,253
DA:16,152
DA:19,45
DA:23,10
DA:24,2
DA:26,10
DA:27,3
DA:28,2
DA:30,1
DA:32,7
DA:33,2
DA:35,5
DA:40,253
DA:41,78
DA:42,175
DA:43,11
DA:45,164
DA:50,3
LF:25
LH:25
BRDA:7,0,0,45
BRDA:7,0,1,405
BRDA:8,1,0,10
BRDA:8,1,1,35
BRDA:13,2,0,253
BRDA:13,2,1,152
BRDA:23,3,0,2
BRDA:23,3,1,8
BRDA:26,4,0,3
BRDA:26,4,1,7
BRDA:27,5,0,2
BRDA:27,5,1,1
BRDA:32,6,0,2
BRDA:32,6,1,5
BRDA:40,7,0,78
BRDA:40,7,1,175
BRDA:42,8,0,11
BRDA:42,8,1,164
BRF:18
BRH:18
end_of_record
TN:
SF:src/scoreCalculator.js
FN:2,(anonymous_0)
FNF:1
FNH:1
FNDA:87,(anonymous_0)
DA:3,87
DA:4,87
DA:5,651
DA:6,315
DA:12,336
DA:13,30
DA:19,306
DA:22,87
DA:27,3
LF:9
LH:9
BRDA:5,0,0,315
BRDA:5,0,1,336
BRDA:8,1,0,315
BRDA:8,1,1,61
BRDA:9,2,0,315
BRDA:9,2,1,269
BRDA:9,2,2,61
BRDA:10,3,0,315
BRDA:10,3,1,36
BRDA:12,4,0,30
BRDA:12,4,1,306
BRDA:15,5,0,30
BRDA:15,5,1,4
BRDA:16,6,0,30
BRDA:16,6,1,7
BRDA:19,7,0,306
BRDA:19,7,1,45
BRF:17
BRH:17
end_of_record
TN:
SF:src/scorecard.js
FN:5,(anonymous_0)
FN:10,(anonymous_1)
FN:14,(anonymous_2)
FN:18,(anonymous_3)
FNF:4
FNH:4
FNDA:14,(anonymous_0)
FNDA:50,(anonymous_1)
FNDA:35,(anonymous_2)
FNDA:39,(anonymous_3)
DA:1,2
DA:2,2
DA:3,2
DA:6,14
DA:7,14
DA:11,50
DA:15,35
DA:19,39
DA:20,39
DA:21,1
DA:23,38
DA:24,38
DA:25,38
DA:30,2
LF:14
LH:14
BRDA:20,0,0,1
BRDA:20,0,1,38
BRF:2
BRH:2
end_of_record
TN:
SF:src/userInterface.js
FN:4,(anonymous_0)
FN:11,(anonymous_1)
FN:41,(anonymous_2)
FN:50,(anonymous_3)
FN:56,(anonymous_4)
FN:62,(anonymous_5)
FN:69,(anonymous_6)
FN:78,(anonymous_7)
FN:85,(anonymous_8)
FN:93,(anonymous_9)
FNF:10
FNH:10
FNDA:6,(anonymous_0)
FNDA:6,(anonymous_1)
FNDA:33,(anonymous_2)
FNDA:31,(anonymous_3)
FNDA:1,(anonymous_4)
FNDA:26,(anonymous_5)
FNDA:1,(anonymous_6)
FNDA:1,(anonymous_7)
FNDA:6,(anonymous_8)
FNDA:67,(anonymous_9)
DA:1,1
DA:5,6
DA:6,6
DA:7,6
DA:8,6
DA:13,6
DA:14,27
DA:15,27
DA:16,27
DA:17,1
DA:19,26
DA:23,6
DA:24,6
DA:26,1
DA:28,5
DA:29,5
DA:31,1
DA:34,4
DA:35,4
DA:38,6
DA:42,33
DA:43,33
DA:44,33
DA:45,33
DA:46,33
DA:47,33
DA:51,31
DA:52,31
DA:53,31
DA:57,1
DA:58,1
DA:59,1
DA:63,26
DA:64,26
DA:65,26
DA:66,26
DA:70,1
DA:71,1
DA:72,1
DA:73,1
DA:74,1
DA:75,1
DA:79,1
DA:80,1
DA:81,1
DA:82,1
DA:86,6
DA:87,6
DA:88,6
DA:89,6
DA:90,6
DA:94,67
DA:96,67
DA:97,69
DA:98,69
DA:99,67
DA:101,2
DA:103,67
DA:107,1
LF:59
LH:59
BRDA:4,0,0,0
BRDA:16,1,0,1
BRDA:16,1,1,26
BRDA:24,2,0,1
BRDA:24,2,1,5
BRDA:29,3,0,1
BRDA:29,3,1,4
BRDA:98,4,0,67
BRDA:98,4,1,2
BRF:9
BRH:8
end_of_record
